[0.345s] Invoking command in '/home/takuma/ros2_ws/src/mypkg': PYTHONPATH=/home/takuma/ros2_ws/src/mypkg/build/mypkg/prefix_override:/usr/lib/python3/dist-packages/colcon_core/task/python/colcon_distutils_commands:/home/takuma/ros2_ws/src/mypkg/install/mypkg/lib/python3.8/site-packages:${PYTHONPATH} /usr/bin/python3 -W ignore:setup.py install is deprecated setup.py egg_info --egg-base build/mypkg build --build-base /home/takuma/ros2_ws/src/mypkg/build/mypkg/build install --record /home/takuma/ros2_ws/src/mypkg/build/mypkg/install.log --install-scripts $base/lib/mypkg --single-version-externally-managed install_data
[0.455s] running egg_info
[0.456s] creating build/mypkg/mypkg.egg-info
[0.456s] writing build/mypkg/mypkg.egg-info/PKG-INFO
[0.456s] writing dependency_links to build/mypkg/mypkg.egg-info/dependency_links.txt
[0.457s] writing entry points to build/mypkg/mypkg.egg-info/entry_points.txt
[0.457s] writing requirements to build/mypkg/mypkg.egg-info/requires.txt
[0.457s] writing top-level names to build/mypkg/mypkg.egg-info/top_level.txt
[0.458s] writing manifest file 'build/mypkg/mypkg.egg-info/SOURCES.txt'
[0.476s] reading manifest file 'build/mypkg/mypkg.egg-info/SOURCES.txt'
[0.476s] writing manifest file 'build/mypkg/mypkg.egg-info/SOURCES.txt'
[0.476s] running build
[0.476s] running build_py
[0.477s] creating /home/takuma/ros2_ws/src/mypkg/build/mypkg/build
[0.477s] creating /home/takuma/ros2_ws/src/mypkg/build/mypkg/build/lib
[0.477s] creating /home/takuma/ros2_ws/src/mypkg/build/mypkg/build/lib/mypkg
[0.477s] copying mypkg/talker.py -> /home/takuma/ros2_ws/src/mypkg/build/mypkg/build/lib/mypkg
[0.477s] copying mypkg/__init__.py -> /home/takuma/ros2_ws/src/mypkg/build/mypkg/build/lib/mypkg
[0.477s] running install
[0.478s] running install_lib
[0.479s] creating /home/takuma/ros2_ws/src/mypkg/install/mypkg/lib/python3.8/site-packages/mypkg
[0.479s] copying /home/takuma/ros2_ws/src/mypkg/build/mypkg/build/lib/mypkg/talker.py -> /home/takuma/ros2_ws/src/mypkg/install/mypkg/lib/python3.8/site-packages/mypkg
[0.479s] copying /home/takuma/ros2_ws/src/mypkg/build/mypkg/build/lib/mypkg/__init__.py -> /home/takuma/ros2_ws/src/mypkg/install/mypkg/lib/python3.8/site-packages/mypkg
[0.479s] byte-compiling /home/takuma/ros2_ws/src/mypkg/install/mypkg/lib/python3.8/site-packages/mypkg/talker.py to talker.cpython-38.pyc
[0.480s] byte-compiling /home/takuma/ros2_ws/src/mypkg/install/mypkg/lib/python3.8/site-packages/mypkg/__init__.py to __init__.cpython-38.pyc
[0.481s] running install_data
[0.481s] creating /home/takuma/ros2_ws/src/mypkg/install/mypkg/share/ament_index
[0.481s] creating /home/takuma/ros2_ws/src/mypkg/install/mypkg/share/ament_index/resource_index
[0.481s] creating /home/takuma/ros2_ws/src/mypkg/install/mypkg/share/ament_index/resource_index/packages
[0.481s] copying resource/mypkg -> /home/takuma/ros2_ws/src/mypkg/install/mypkg/share/ament_index/resource_index/packages
[0.481s] copying package.xml -> /home/takuma/ros2_ws/src/mypkg/install/mypkg/share/mypkg
[0.481s] running install_egg_info
[0.482s] Copying build/mypkg/mypkg.egg-info to /home/takuma/ros2_ws/src/mypkg/install/mypkg/lib/python3.8/site-packages/mypkg-0.0.0-py3.8.egg-info
[0.483s] running install_scripts
[0.494s] Installing listener script to /home/takuma/ros2_ws/src/mypkg/install/mypkg/lib/mypkg
[0.495s] Installing talker script to /home/takuma/ros2_ws/src/mypkg/install/mypkg/lib/mypkg
[0.495s] writing list of installed files to '/home/takuma/ros2_ws/src/mypkg/build/mypkg/install.log'
[0.510s] Invoked command in '/home/takuma/ros2_ws/src/mypkg' returned '0': PYTHONPATH=/home/takuma/ros2_ws/src/mypkg/build/mypkg/prefix_override:/usr/lib/python3/dist-packages/colcon_core/task/python/colcon_distutils_commands:/home/takuma/ros2_ws/src/mypkg/install/mypkg/lib/python3.8/site-packages:${PYTHONPATH} /usr/bin/python3 -W ignore:setup.py install is deprecated setup.py egg_info --egg-base build/mypkg build --build-base /home/takuma/ros2_ws/src/mypkg/build/mypkg/build install --record /home/takuma/ros2_ws/src/mypkg/build/mypkg/install.log --install-scripts $base/lib/mypkg --single-version-externally-managed install_data
